2020-08-20 16:26:43 [restartedMain] INFO  c.q.c.QdmCareGiverClientsApplication - Starting QdmCareGiverClientsApplication on LAPTOP-GBKRVFU8 with PID 12724 (C:\Users\nandh\Documents\Clients\Latest\qdm-care-giver-clients\target\classes started by nandh in C:\Users\nandh\Documents\Clients\Latest\qdm-care-giver-clients)
2020-08-20 16:26:43 [restartedMain] DEBUG c.q.c.QdmCareGiverClientsApplication - Running with Spring Boot v2.3.2.RELEASE, Spring v5.2.8.RELEASE
2020-08-20 16:26:43 [restartedMain] INFO  c.q.c.QdmCareGiverClientsApplication - The following profiles are active: dev
2020-08-20 16:26:44 [restartedMain] INFO  c.q.c.QdmCareGiverClientsApplication - Started QdmCareGiverClientsApplication in 1.121 seconds (JVM running for 123.691)
2020-08-20 16:27:03 [http-nio-8443-exec-2] INFO  c.q.c.c.controller.ClientController - Clients List []
2020-08-20 16:27:09 [http-nio-8443-exec-3] INFO  c.q.c.c.controller.ClientController - Client Created Successfully With ClientId : 1
2020-08-20 16:27:13 [http-nio-8443-exec-4] INFO  c.q.c.c.controller.ClientController - Clients List [{is_active=Active, upcoming_activity=Initial asessment, gender=Male, status_type=Needs medical attention, contact=99999999, name=test, profile_pic=http://localhost:8443/careGiver/clients/downloadFile/1, id=1, age=1, email=test}]
2020-08-20 16:27:18 [http-nio-8443-exec-5] INFO  c.q.c.c.controller.ClientController - ClientById {subscriptions=[], is_active=Active, gender=Male, status_type=, mobile_no=99999999, profile_pic=http://localhost:8443/careGiver/clients/downloadFile/1, recent_vital_signs=[{vital_sign=Body Temperature, value=98, measure_unit=Celsius}, {vital_sign=Blood Pressure, value=Normal, measure_unit=}, {vital_sign=Pulse Rate, value=98, measure_unit=Bpm}, {vital_sign=Respiration Rate, value=99, measure_unit=Bpm}], upcoming_activity=Initial asessment, user_type=Pro, name=test, id=1, age=1, email=test, emergency_contact={contact_name=test, mobile_no=999999999}}
2020-08-20 16:29:25 [http-nio-8443-exec-9] INFO  c.q.c.c.controller.ClientController - Subscription Created Successfully With subscriptionId : 101
2020-08-20 16:29:30 [http-nio-8443-exec-10] INFO  c.q.c.c.controller.ClientController - Subscription Created Successfully With subscriptionId : 102
2020-08-20 16:29:36 [http-nio-8443-exec-1] INFO  c.q.c.c.controller.ClientController - Clients List [{is_active=Active, upcoming_activity=Initial asessment, gender=Male, status_type=Needs medical attention, contact=99999999, name=test, profile_pic=http://localhost:8443/careGiver/clients/downloadFile/1, id=1, age=1, email=test}]
2020-08-20 16:29:39 [http-nio-8443-exec-2] INFO  c.q.c.c.controller.ClientController - ClientById {subscriptions=[], is_active=Active, gender=Male, status_type=, mobile_no=99999999, profile_pic=http://localhost:8443/careGiver/clients/downloadFile/1, recent_vital_signs=[{vital_sign=Body Temperature, value=98, measure_unit=Celsius}, {vital_sign=Blood Pressure, value=Normal, measure_unit=}, {vital_sign=Pulse Rate, value=98, measure_unit=Bpm}, {vital_sign=Respiration Rate, value=99, measure_unit=Bpm}], upcoming_activity=Initial asessment, user_type=Pro, name=test, id=1, age=1, email=test, emergency_contact={contact_name=test, mobile_no=999999999}}
2020-08-20 16:30:25 [http-nio-8443-exec-4] INFO  c.q.c.c.controller.ClientController - Client Updated Successfully with Id 1
2020-08-20 16:30:30 [http-nio-8443-exec-5] INFO  c.q.c.c.controller.ClientController - Clients List [{is_active=Active, upcoming_activity=Initial asessment, gender=Male, status_type=Needs medical attention, contact=99999999, name=test, profile_pic=http://localhost:8443/careGiver/clients/downloadFile/1, id=1, age=1, email=test}]
2020-08-20 16:30:33 [http-nio-8443-exec-6] INFO  c.q.c.c.controller.ClientController - ClientById {subscriptions=[Subscriptions(id=1, subscriptionId=101, subscriptionName=Physio-Premium(Monthly), subscriptionDesc=Get everything at just the cost of Physio Light), Subscriptions(id=2, subscriptionId=102, subscriptionName=Physio-Premium(Monthly), subscriptionDesc=Get everything at just the cost of Physio Light)], is_active=Active, gender=Male, status_type=, mobile_no=99999999, profile_pic=http://localhost:8443/careGiver/clients/downloadFile/1, recent_vital_signs=[{vital_sign=Body Temperature, value=98, measure_unit=Celsius}, {vital_sign=Blood Pressure, value=Normal, measure_unit=}, {vital_sign=Pulse Rate, value=98, measure_unit=Bpm}, {vital_sign=Respiration Rate, value=99, measure_unit=Bpm}], upcoming_activity=Initial asessment, user_type=Pro, name=test, id=1, age=1, email=test, emergency_contact={contact_name=test, mobile_no=999999999}}
2020-08-20 16:31:22 [restartedMain] INFO  c.q.c.QdmCareGiverClientsApplication - Starting QdmCareGiverClientsApplication on LAPTOP-GBKRVFU8 with PID 11004 (C:\Users\nandh\Documents\Clients\Latest\qdm-care-giver-clients\target\classes started by nandh in C:\Users\nandh\Documents\Clients\Latest\qdm-care-giver-clients)
2020-08-20 16:31:22 [restartedMain] DEBUG c.q.c.QdmCareGiverClientsApplication - Running with Spring Boot v2.3.2.RELEASE, Spring v5.2.8.RELEASE
2020-08-20 16:31:22 [restartedMain] INFO  c.q.c.QdmCareGiverClientsApplication - The following profiles are active: dev
2020-08-20 16:31:25 [restartedMain] INFO  c.q.c.QdmCareGiverClientsApplication - Started QdmCareGiverClientsApplication in 3.364 seconds (JVM running for 4.361)
2020-08-20 16:33:46 [restartedMain] INFO  c.q.c.QdmCareGiverClientsApplication - Starting QdmCareGiverClientsApplication on LAPTOP-GBKRVFU8 with PID 6812 (C:\Users\nandh\Documents\Clients\Latest\qdm-care-giver-clients\target\classes started by nandh in C:\Users\nandh\Documents\Clients\Latest\qdm-care-giver-clients)
2020-08-20 16:33:46 [restartedMain] DEBUG c.q.c.QdmCareGiverClientsApplication - Running with Spring Boot v2.3.2.RELEASE, Spring v5.2.8.RELEASE
2020-08-20 16:33:46 [restartedMain] INFO  c.q.c.QdmCareGiverClientsApplication - The following profiles are active: dev
2020-08-20 16:34:28 [restartedMain] INFO  c.q.c.QdmCareGiverClientsApplication - Starting QdmCareGiverClientsApplication on LAPTOP-GBKRVFU8 with PID 6052 (C:\Users\nandh\Documents\Clients\Latest\qdm-care-giver-clients\target\classes started by nandh in C:\Users\nandh\Documents\Clients\Latest\qdm-care-giver-clients)
2020-08-20 16:34:28 [restartedMain] DEBUG c.q.c.QdmCareGiverClientsApplication - Running with Spring Boot v2.3.2.RELEASE, Spring v5.2.8.RELEASE
2020-08-20 16:34:28 [restartedMain] INFO  c.q.c.QdmCareGiverClientsApplication - The following profiles are active: dev
2020-08-20 16:34:31 [restartedMain] INFO  c.q.c.QdmCareGiverClientsApplication - Started QdmCareGiverClientsApplication in 3.594 seconds (JVM running for 4.673)
2020-08-20 16:34:39 [restartedMain] INFO  c.q.c.QdmCareGiverClientsApplication - Starting QdmCareGiverClientsApplication on LAPTOP-GBKRVFU8 with PID 6052 (C:\Users\nandh\Documents\Clients\Latest\qdm-care-giver-clients\target\classes started by nandh in C:\Users\nandh\Documents\Clients\Latest\qdm-care-giver-clients)
2020-08-20 16:34:39 [restartedMain] DEBUG c.q.c.QdmCareGiverClientsApplication - Running with Spring Boot v2.3.2.RELEASE, Spring v5.2.8.RELEASE
2020-08-20 16:34:39 [restartedMain] INFO  c.q.c.QdmCareGiverClientsApplication - The following profiles are active: dev
